\BOOKMARK [0][-]{chapter.1}{Background}{}% 1
\BOOKMARK [1][-]{section.1.1}{Introduction}{chapter.1}% 2
\BOOKMARK [1][-]{section.1.2}{Industry Background}{chapter.1}% 3
\BOOKMARK [0][-]{chapter.2}{Design Requirements}{}% 4
\BOOKMARK [0][-]{chapter.3}{Component Information}{}% 5
\BOOKMARK [1][-]{section.3.1}{Propulsion}{chapter.3}% 6
\BOOKMARK [2][-]{subsection.3.1.1}{Motor}{section.3.1}% 7
\BOOKMARK [2][-]{subsection.3.1.2}{Propeller}{section.3.1}% 8
\BOOKMARK [1][-]{section.3.2}{Chassis}{chapter.3}% 9
\BOOKMARK [2][-]{subsection.3.2.1}{Frame Design}{section.3.2}% 10
\BOOKMARK [2][-]{subsection.3.2.2}{Arms}{section.3.2}% 11
\BOOKMARK [2][-]{subsection.3.2.3}{Landing Feet}{section.3.2}% 12
\BOOKMARK [1][-]{section.3.3}{Electronics}{chapter.3}% 13
\BOOKMARK [2][-]{subsection.3.3.1}{Computer and Carrier Board}{section.3.3}% 14
\BOOKMARK [2][-]{subsection.3.3.2}{Flight Controller}{section.3.3}% 15
\BOOKMARK [2][-]{subsection.3.3.3}{Electronic Speed Controller}{section.3.3}% 16
\BOOKMARK [2][-]{subsection.3.3.4}{GNSS/Compass}{section.3.3}% 17
\BOOKMARK [2][-]{subsection.3.3.5}{Optical Components}{section.3.3}% 18
\BOOKMARK [2][-]{subsection.3.3.6}{Power}{section.3.3}% 19
\BOOKMARK [2][-]{subsection.3.3.7}{Power Management}{section.3.3}% 20
\BOOKMARK [2][-]{subsection.3.3.8}{Modular Payloads}{section.3.3}% 21
\BOOKMARK [0][-]{chapter.4}{Component Selection}{}% 22
\BOOKMARK [1][-]{section.4.1}{Propulsion}{chapter.4}% 23
\BOOKMARK [2][-]{subsection.4.1.1}{Motor}{section.4.1}% 24
\BOOKMARK [2][-]{subsection.4.1.2}{Propeller}{section.4.1}% 25
\BOOKMARK [1][-]{section.4.2}{Chassis}{chapter.4}% 26
\BOOKMARK [2][-]{subsection.4.2.1}{Materials}{section.4.2}% 27
\BOOKMARK [2][-]{subsection.4.2.2}{Frame Design}{section.4.2}% 28
\BOOKMARK [2][-]{subsection.4.2.3}{Arms}{section.4.2}% 29
\BOOKMARK [2][-]{subsection.4.2.4}{Landing Feet}{section.4.2}% 30
\BOOKMARK [1][-]{section.4.3}{Electronics}{chapter.4}% 31
\BOOKMARK [2][-]{subsection.4.3.1}{Computer and Carrier Board}{section.4.3}% 32
\BOOKMARK [2][-]{subsection.4.3.2}{Flight Controller}{section.4.3}% 33
\BOOKMARK [2][-]{subsection.4.3.3}{Electronic Speed Controller}{section.4.3}% 34
\BOOKMARK [2][-]{subsection.4.3.4}{GNSS/Compass}{section.4.3}% 35
\BOOKMARK [2][-]{subsection.4.3.5}{Optical Components}{section.4.3}% 36
\BOOKMARK [2][-]{subsection.4.3.6}{Power}{section.4.3}% 37
\BOOKMARK [2][-]{subsection.4.3.7}{Power Management}{section.4.3}% 38
\BOOKMARK [2][-]{subsection.4.3.8}{Modular Payloads}{section.4.3}% 39
\BOOKMARK [1][-]{section.4.4}{Overall Construction}{chapter.4}% 40
\BOOKMARK [0][-]{chapter.5}{Research of Similar Products}{}% 41
\BOOKMARK [0][-]{chapter.6}{Preliminary Design}{}% 42
\BOOKMARK [0][-]{chapter.7}{Prototyping \046 Testing}{}% 43
\BOOKMARK [0][-]{chapter.8}{Detailed Design}{}% 44
\BOOKMARK [1][-]{section.8.1}{Design Overview}{chapter.8}% 45
\BOOKMARK [1][-]{section.8.2}{Electrical Design}{chapter.8}% 46
\BOOKMARK [2][-]{subsection.8.2.1}{Wiring Diagram}{section.8.2}% 47
\BOOKMARK [0][-]{chapter.9}{Verification \046 Testing}{}% 48
\BOOKMARK [0][-]{chapter.10}{Conclusion}{}% 49
